------------------------------------------------------------------------------------------------------------------------

[2015-11-06 12:29:11 #1 server] 
Server on port 6136 has started by 6320@RUSS-WIN8

[2015-11-06 12:29:40 #2 store] 
Database 'C:\Users\Russ\Desktop\documentify\documentify\Documentify\objectdb-2.6.2\db\documentify.odb' is opened by 6320@RUSS-WIN8

[2015-11-06 13:58:09 #3 store] 
Database 'C:\Users\Russ\Desktop\documentify\documentify\Documentify\objectdb-2.6.2\db\documentify.odb' is closed by 6320@RUSS-WIN8

[2015-11-06 13:58:09 #4 store] 
Database 'C:\Users\Russ\Desktop\documentify\documentify\Documentify\objectdb-2.6.2\db\documentify.odb' is opened by 6320@RUSS-WIN8

[2015-11-06 13:58:09 #5 store] 
Database 'C:\Users\Russ\Desktop\documentify\documentify\Documentify\objectdb-2.6.2\db\documentify.odb' is closed by 6320@RUSS-WIN8

[2015-11-06 13:58:09 #6 store] 
Database 'C:\Users\Russ\Desktop\documentify\documentify\Documentify\objectdb-2.6.2\db\documentify.odb' is opened by 6320@RUSS-WIN8

[2015-11-06 13:58:09 #7 store] 
Database 'C:\Users\Russ\Desktop\documentify\documentify\Documentify\objectdb-2.6.2\db\documentify.odb' is closed by 6320@RUSS-WIN8

[2015-11-06 14:04:57 #8 store] 
Database 'C:\Users\Russ\Desktop\documentify\documentify\Documentify\objectdb-2.6.2\db\documentify.odb' is opened by 6320@RUSS-WIN8

[2015-11-06 14:09:48 #9 store] 
Database 'C:\Users\Russ\Desktop\documentify\documentify\Documentify\objectdb-2.6.2\db\documentify.odb' is closed by 6320@RUSS-WIN8

[2015-11-06 14:12:08 #10 store] 
Database 'C:\Users\Russ\Desktop\documentify\documentify\Documentify\objectdb-2.6.2\db\documentify.odb' is opened by 6320@RUSS-WIN8

[2015-11-06 15:50:49 #11 store] 
Database 'C:\Users\Russ\Desktop\documentify\documentify\Documentify\objectdb-2.6.2\db\documentify.odb' is closed by 6320@RUSS-WIN8

[2015-11-06 15:50:49 #12 store] 
Database 'C:\Users\Russ\Desktop\documentify\documentify\Documentify\objectdb-2.6.2\db\documentify.odb' is opened by 6320@RUSS-WIN8

[2015-11-06 15:50:49 #13 store] 
Database 'C:\Users\Russ\Desktop\documentify\documentify\Documentify\objectdb-2.6.2\db\documentify.odb' is closed by 6320@RUSS-WIN8

[2015-11-06 15:50:49 #14 store] 
Database 'C:\Users\Russ\Desktop\documentify\documentify\Documentify\objectdb-2.6.2\db\documentify.odb' is opened by 6320@RUSS-WIN8

[2015-11-06 15:50:49 #15 store] 
Database 'C:\Users\Russ\Desktop\documentify\documentify\Documentify\objectdb-2.6.2\db\documentify.odb' is closed by 6320@RUSS-WIN8

[2015-11-06 15:50:54 #16 store] 
Database 'C:\Users\Russ\Desktop\documentify\documentify\Documentify\objectdb-2.6.2\db\documentify.odb' is opened by 6320@RUSS-WIN8

[2015-11-06 16:04:26 #17 store] 
Database 'C:\Users\Russ\Desktop\documentify\documentify\Documentify\objectdb-2.6.2\db\documentify.odb' is closed by 6320@RUSS-WIN8

