------------------------------------------------------------------------------------------------------------------------

[2015-11-03 17:26:14 #1 server] 
Server on port 6136 has started by 2512@RUSS-WIN8

[2015-11-03 17:28:14 #2 server] 
Server on port 6136 has stopped by 2512@RUSS-WIN8

------------------------------------------------------------------------------------------------------------------------

[2015-11-03 17:37:40 #1 server] 
Server on port 6136 has started by 7056@RUSS-WIN8

[2015-11-03 17:44:14 #2 server] 
Server on port 6136 has stopped by 7056@RUSS-WIN8

[2015-11-03 17:44:14 #3 server] 
Server on port 6136 has started by 7056@RUSS-WIN8

------------------------------------------------------------------------------------------------------------------------

[2015-11-03 17:44:23 #1 server] 
java.net.BindException: Address already in use: JVM_Bind
	at java.net.DualStackPlainSocketImpl.bind0(Native Method)
	at java.net.DualStackPlainSocketImpl.socketBind(Unknown Source)
	at java.net.AbstractPlainSocketImpl.bind(Unknown Source)
	at java.net.PlainSocketImpl.bind(Unknown Source)
	at java.net.ServerSocket.bind(Unknown Source)
	at java.net.ServerSocket.<init>(Unknown Source)
	at java.net.ServerSocket.<init>(Unknown Source)
	at com.objectdb.o.SMR.I(SMR.java:259)
	at com.objectdb.o.SMR.n(SMR.java:159)
	at com.objectdb.o.TOL.run(TOL.java:116)
	at com.objectdb.Server.runCommand(Server.java:192)
	at com.objectdb.Server.run(Server.java:103)
	at com.objectdb.Server.main(Server.java:62)

[2015-11-03 17:44:29 #4 store] 
Database 'C:\Users\Russ\Documents\NetBeansProjects\StripesBook\objectdb-2.6.2\db\stripesbook.odb' is opened by 7056@RUSS-WIN8

[2015-11-03 17:44:33 #5 store] 
Database 'C:\Users\Russ\Documents\NetBeansProjects\StripesBook\objectdb-2.6.2\db\stripesbook.odb' is closed by 7056@RUSS-WIN8

[2015-11-03 17:44:33 #6 store] 
Database 'C:\Users\Russ\Documents\NetBeansProjects\StripesBook\objectdb-2.6.2\db\stripesbook.odb' is opened by 7056@RUSS-WIN8

[2015-11-03 17:44:37 #7 store] 
Database 'C:\Users\Russ\Documents\NetBeansProjects\StripesBook\objectdb-2.6.2\db\stripesbook.odb' is closed by 7056@RUSS-WIN8

[2015-11-03 17:45:09 #8 store] 
Database 'C:\Users\Russ\Documents\NetBeansProjects\StripesBook\objectdb-2.6.2\db\stripesbook.odb' is opened by 7056@RUSS-WIN8

[2015-11-03 17:45:19 #9 store] 
Database 'C:\Users\Russ\Documents\NetBeansProjects\StripesBook\objectdb-2.6.2\db\stripesbook.odb' is closed by 7056@RUSS-WIN8

[2015-11-03 18:00:20 #10 store] 
Database 'C:\Users\Russ\Documents\NetBeansProjects\StripesBook\objectdb-2.6.2\db\stripesbook.odb' is opened by 7056@RUSS-WIN8

------------------------------------------------------------------------------------------------------------------------

[2015-11-03 18:05:40 #1 explorer] 
java.lang.InstantiationError: Selected type (java.util.Calendar) is abstract.
	at com.objectdb.o.ITP.M(ITP.java:657)
	at com.objectdb.o.ITP.G(ITP.java:508)
	at com.objectdb.o.ITP.VA(ITP.java:322)
	at com.objectdb.o.RTR.VA(RTR.java:69)
	at com.objectdb.o.CMD.actionPerformed(CMD.java:470)
	at javax.swing.AbstractButton.fireActionPerformed(Unknown Source)
	at javax.swing.AbstractButton$Handler.actionPerformed(Unknown Source)
	at javax.swing.DefaultButtonModel.fireActionPerformed(Unknown Source)
	at javax.swing.DefaultButtonModel.setPressed(Unknown Source)
	at javax.swing.AbstractButton.doClick(Unknown Source)
	at javax.swing.plaf.basic.BasicMenuItemUI.doClick(Unknown Source)
	at javax.swing.plaf.basic.BasicMenuItemUI$Handler.mouseReleased(Unknown Source)
	at java.awt.Component.processMouseEvent(Unknown Source)
	at javax.swing.JComponent.processMouseEvent(Unknown Source)
	at java.awt.Component.processEvent(Unknown Source)
	at java.awt.Container.processEvent(Unknown Source)
	at java.awt.Component.dispatchEventImpl(Unknown Source)
	at java.awt.Container.dispatchEventImpl(Unknown Source)
	at java.awt.Component.dispatchEvent(Unknown Source)
	at java.awt.LightweightDispatcher.retargetMouseEvent(Unknown Source)
	at java.awt.LightweightDispatcher.processMouseEvent(Unknown Source)
	at java.awt.LightweightDispatcher.dispatchEvent(Unknown Source)
	at java.awt.Container.dispatchEventImpl(Unknown Source)
	at java.awt.Window.dispatchEventImpl(Unknown Source)
	at java.awt.Component.dispatchEvent(Unknown Source)
	at java.awt.EventQueue.dispatchEventImpl(Unknown Source)
	at java.awt.EventQueue.access$500(Unknown Source)
	at java.awt.EventQueue$3.run(Unknown Source)
	at java.awt.EventQueue$3.run(Unknown Source)
	at java.security.AccessController.doPrivileged(Native Method)
	at java.security.ProtectionDomain$JavaSecurityAccessImpl.doIntersectionPrivilege(Unknown Source)
	at java.security.ProtectionDomain$JavaSecurityAccessImpl.doIntersectionPrivilege(Unknown Source)
	at java.awt.EventQueue$4.run(Unknown Source)
	at java.awt.EventQueue$4.run(Unknown Source)
	at java.security.AccessController.doPrivileged(Native Method)
	at java.security.ProtectionDomain$JavaSecurityAccessImpl.doIntersectionPrivilege(Unknown Source)
	at java.awt.EventQueue.dispatchEvent(Unknown Source)
	at java.awt.EventDispatchThread.pumpOneEventForFilters(Unknown Source)
	at java.awt.EventDispatchThread.pumpEventsForFilter(Unknown Source)
	at java.awt.EventDispatchThread.pumpEventsForHierarchy(Unknown Source)
	at java.awt.EventDispatchThread.pumpEvents(Unknown Source)
	at java.awt.EventDispatchThread.pumpEvents(Unknown Source)
	at java.awt.EventDispatchThread.run(Unknown Source)

[2015-11-03 18:06:55 #2 explorer] 
java.lang.InstantiationError: Selected type (java.util.Calendar) is abstract.
	at com.objectdb.o.ITP.M(ITP.java:657)
	at com.objectdb.o.ITP.G(ITP.java:508)
	at com.objectdb.o.ITP.VA(ITP.java:322)
	at com.objectdb.o.RTR.VA(RTR.java:69)
	at com.objectdb.o.CMD.actionPerformed(CMD.java:470)
	at javax.swing.AbstractButton.fireActionPerformed(Unknown Source)
	at javax.swing.AbstractButton$Handler.actionPerformed(Unknown Source)
	at javax.swing.DefaultButtonModel.fireActionPerformed(Unknown Source)
	at javax.swing.DefaultButtonModel.setPressed(Unknown Source)
	at javax.swing.AbstractButton.doClick(Unknown Source)
	at javax.swing.plaf.basic.BasicMenuItemUI.doClick(Unknown Source)
	at javax.swing.plaf.basic.BasicMenuItemUI$Handler.mouseReleased(Unknown Source)
	at java.awt.Component.processMouseEvent(Unknown Source)
	at javax.swing.JComponent.processMouseEvent(Unknown Source)
	at java.awt.Component.processEvent(Unknown Source)
	at java.awt.Container.processEvent(Unknown Source)
	at java.awt.Component.dispatchEventImpl(Unknown Source)
	at java.awt.Container.dispatchEventImpl(Unknown Source)
	at java.awt.Component.dispatchEvent(Unknown Source)
	at java.awt.LightweightDispatcher.retargetMouseEvent(Unknown Source)
	at java.awt.LightweightDispatcher.processMouseEvent(Unknown Source)
	at java.awt.LightweightDispatcher.dispatchEvent(Unknown Source)
	at java.awt.Container.dispatchEventImpl(Unknown Source)
	at java.awt.Window.dispatchEventImpl(Unknown Source)
	at java.awt.Component.dispatchEvent(Unknown Source)
	at java.awt.EventQueue.dispatchEventImpl(Unknown Source)
	at java.awt.EventQueue.access$500(Unknown Source)
	at java.awt.EventQueue$3.run(Unknown Source)
	at java.awt.EventQueue$3.run(Unknown Source)
	at java.security.AccessController.doPrivileged(Native Method)
	at java.security.ProtectionDomain$JavaSecurityAccessImpl.doIntersectionPrivilege(Unknown Source)
	at java.security.ProtectionDomain$JavaSecurityAccessImpl.doIntersectionPrivilege(Unknown Source)
	at java.awt.EventQueue$4.run(Unknown Source)
	at java.awt.EventQueue$4.run(Unknown Source)
	at java.security.AccessController.doPrivileged(Native Method)
	at java.security.ProtectionDomain$JavaSecurityAccessImpl.doIntersectionPrivilege(Unknown Source)
	at java.awt.EventQueue.dispatchEvent(Unknown Source)
	at java.awt.EventDispatchThread.pumpOneEventForFilters(Unknown Source)
	at java.awt.EventDispatchThread.pumpEventsForFilter(Unknown Source)
	at java.awt.EventDispatchThread.pumpEventsForHierarchy(Unknown Source)
	at java.awt.EventDispatchThread.pumpEvents(Unknown Source)
	at java.awt.EventDispatchThread.pumpEvents(Unknown Source)
	at java.awt.EventDispatchThread.run(Unknown Source)

[2015-11-03 18:07:07 #3 explorer] 
java.lang.InstantiationError: Selected type (java.util.Calendar) is abstract.
	at com.objectdb.o.ITP.M(ITP.java:657)
	at com.objectdb.o.ITP.G(ITP.java:508)
	at com.objectdb.o.ITP.VA(ITP.java:322)
	at com.objectdb.o.RTR.VA(RTR.java:69)
	at com.objectdb.o.CMD.actionPerformed(CMD.java:470)
	at javax.swing.AbstractButton.fireActionPerformed(Unknown Source)
	at javax.swing.AbstractButton$Handler.actionPerformed(Unknown Source)
	at javax.swing.DefaultButtonModel.fireActionPerformed(Unknown Source)
	at javax.swing.DefaultButtonModel.setPressed(Unknown Source)
	at javax.swing.AbstractButton.doClick(Unknown Source)
	at javax.swing.plaf.basic.BasicMenuItemUI.doClick(Unknown Source)
	at javax.swing.plaf.basic.BasicMenuItemUI$Handler.mouseReleased(Unknown Source)
	at java.awt.Component.processMouseEvent(Unknown Source)
	at javax.swing.JComponent.processMouseEvent(Unknown Source)
	at java.awt.Component.processEvent(Unknown Source)
	at java.awt.Container.processEvent(Unknown Source)
	at java.awt.Component.dispatchEventImpl(Unknown Source)
	at java.awt.Container.dispatchEventImpl(Unknown Source)
	at java.awt.Component.dispatchEvent(Unknown Source)
	at java.awt.LightweightDispatcher.retargetMouseEvent(Unknown Source)
	at java.awt.LightweightDispatcher.processMouseEvent(Unknown Source)
	at java.awt.LightweightDispatcher.dispatchEvent(Unknown Source)
	at java.awt.Container.dispatchEventImpl(Unknown Source)
	at java.awt.Window.dispatchEventImpl(Unknown Source)
	at java.awt.Component.dispatchEvent(Unknown Source)
	at java.awt.EventQueue.dispatchEventImpl(Unknown Source)
	at java.awt.EventQueue.access$500(Unknown Source)
	at java.awt.EventQueue$3.run(Unknown Source)
	at java.awt.EventQueue$3.run(Unknown Source)
	at java.security.AccessController.doPrivileged(Native Method)
	at java.security.ProtectionDomain$JavaSecurityAccessImpl.doIntersectionPrivilege(Unknown Source)
	at java.security.ProtectionDomain$JavaSecurityAccessImpl.doIntersectionPrivilege(Unknown Source)
	at java.awt.EventQueue$4.run(Unknown Source)
	at java.awt.EventQueue$4.run(Unknown Source)
	at java.security.AccessController.doPrivileged(Native Method)
	at java.security.ProtectionDomain$JavaSecurityAccessImpl.doIntersectionPrivilege(Unknown Source)
	at java.awt.EventQueue.dispatchEvent(Unknown Source)
	at java.awt.EventDispatchThread.pumpOneEventForFilters(Unknown Source)
	at java.awt.EventDispatchThread.pumpEventsForFilter(Unknown Source)
	at java.awt.EventDispatchThread.pumpEventsForHierarchy(Unknown Source)
	at java.awt.EventDispatchThread.pumpEvents(Unknown Source)
	at java.awt.EventDispatchThread.pumpEvents(Unknown Source)
	at java.awt.EventDispatchThread.run(Unknown Source)

[2015-11-03 18:13:46 #11 store] 
Database 'C:\Users\Russ\Documents\NetBeansProjects\StripesBook\objectdb-2.6.2\db\stripesbook.odb' is closed by 7056@RUSS-WIN8

[2015-11-03 18:13:47 #12 store] 
Database 'C:\Users\Russ\Documents\NetBeansProjects\StripesBook\objectdb-2.6.2\db\stripesbook.odb' is opened by 7056@RUSS-WIN8

[2015-11-04 11:17:23 #13 store] 
Database 'C:\Users\Russ\Documents\NetBeansProjects\StripesBook\objectdb-2.6.2\db\stripesbook.odb' is closed by 7056@RUSS-WIN8

[2015-11-04 11:17:23 #14 store] 
Database 'C:\Users\Russ\Documents\NetBeansProjects\StripesBook\objectdb-2.6.2\db\stripesbook.odb' is opened by 7056@RUSS-WIN8

[2015-11-04 11:17:23 #15 store] 
Database 'C:\Users\Russ\Documents\NetBeansProjects\StripesBook\objectdb-2.6.2\db\stripesbook.odb' is closed by 7056@RUSS-WIN8

[2015-11-04 11:17:23 #16 store] 
Database 'C:\Users\Russ\Documents\NetBeansProjects\StripesBook\objectdb-2.6.2\db\stripesbook.odb' is opened by 7056@RUSS-WIN8

[2015-11-04 11:17:23 #17 store] 
Database 'C:\Users\Russ\Documents\NetBeansProjects\StripesBook\objectdb-2.6.2\db\stripesbook.odb' is closed by 7056@RUSS-WIN8

[2015-11-04 11:17:24 #18 store] 
Database 'C:\Users\Russ\Documents\NetBeansProjects\StripesBook\objectdb-2.6.2\db\stripesbook.odb' is opened by 7056@RUSS-WIN8

[2015-11-04 11:25:36 #19 store] 
Database 'C:\Users\Russ\Documents\NetBeansProjects\StripesBook\objectdb-2.6.2\db\stripesbook.odb' is closed by 7056@RUSS-WIN8

[2015-11-04 11:25:36 #20 server] 
Server on port 6136 has stopped by 7056@RUSS-WIN8

[2015-11-04 11:25:36 #21 server] 
Server on port 6136 has started by 7056@RUSS-WIN8

[2015-11-04 11:28:01 #22 store] 
Database 'C:\Users\Russ\Documents\NetBeansProjects\StripesBook\objectdb-2.6.2\db\stripesbook.odb' is opened by 7056@RUSS-WIN8

[2015-11-04 15:36:49 #23 store] 
Database 'C:\Users\Russ\Documents\NetBeansProjects\StripesBook\objectdb-2.6.2\db\stripesbook.odb' is closed by 7056@RUSS-WIN8

[2015-11-04 15:36:49 #24 store] 
Database 'C:\Users\Russ\Documents\NetBeansProjects\StripesBook\objectdb-2.6.2\db\stripesbook.odb' is opened by 7056@RUSS-WIN8

[2015-11-04 15:36:49 #25 store] 
Database 'C:\Users\Russ\Documents\NetBeansProjects\StripesBook\objectdb-2.6.2\db\stripesbook.odb' is closed by 7056@RUSS-WIN8

[2015-11-04 15:36:49 #26 store] 
Database 'C:\Users\Russ\Documents\NetBeansProjects\StripesBook\objectdb-2.6.2\db\stripesbook.odb' is opened by 7056@RUSS-WIN8

[2015-11-04 15:36:49 #27 store] 
Database 'C:\Users\Russ\Documents\NetBeansProjects\StripesBook\objectdb-2.6.2\db\stripesbook.odb' is closed by 7056@RUSS-WIN8

[2015-11-04 15:37:52 #28 store] 
Database 'C:\Users\Russ\Documents\NetBeansProjects\StripesBook\objectdb-2.6.2\db\stripesbook.odb' is opened by 7056@RUSS-WIN8

[2015-11-04 19:10:37 #29 store] 
Database 'C:\Users\Russ\Documents\NetBeansProjects\StripesBook\objectdb-2.6.2\db\stripesbook.odb' is closed by 7056@RUSS-WIN8

[2015-11-04 19:10:37 #30 store] 
Database 'C:\Users\Russ\Documents\NetBeansProjects\StripesBook\objectdb-2.6.2\db\stripesbook.odb' is opened by 7056@RUSS-WIN8

[2015-11-04 19:25:52 #31 store] 
Database 'C:\Users\Russ\Documents\NetBeansProjects\StripesBook\objectdb-2.6.2\db\stripesbook.odb' is closed by 7056@RUSS-WIN8

[2015-11-04 19:25:52 #32 store] 
Database 'C:\Users\Russ\Documents\NetBeansProjects\StripesBook\objectdb-2.6.2\db\stripesbook.odb' is opened by 7056@RUSS-WIN8

[2015-11-04 19:39:35 #33 store] 
Database 'C:\Users\Russ\Documents\NetBeansProjects\StripesBook\objectdb-2.6.2\db\stripesbook.odb' is closed by 7056@RUSS-WIN8

[2015-11-04 19:39:48 #34 store] 
Database 'C:\Users\Russ\Documents\NetBeansProjects\StripesBook\objectdb-2.6.2\db\stripesbook.odb' is opened by 7056@RUSS-WIN8

[2015-11-04 19:40:58 #35 store] 
Database 'C:\Users\Russ\Documents\NetBeansProjects\StripesBook\objectdb-2.6.2\db\stripesbook.odb' is closed by 7056@RUSS-WIN8

[2015-11-04 19:41:01 #36 store] 
Database 'C:\Users\Russ\Documents\NetBeansProjects\StripesBook\objectdb-2.6.2\db\stripesbook.odb' is opened by 7056@RUSS-WIN8

[2015-11-04 19:42:42 #37 store] 
Database 'C:\Users\Russ\Documents\NetBeansProjects\StripesBook\objectdb-2.6.2\db\stripesbook.odb' is closed by 7056@RUSS-WIN8

[2015-11-04 19:42:48 #38 store] 
Database 'C:\Users\Russ\Documents\NetBeansProjects\StripesBook\objectdb-2.6.2\db\stripesbook.odb' is opened by 7056@RUSS-WIN8

[2015-11-04 20:14:52 #39 store] 
Database 'C:\Users\Russ\Documents\NetBeansProjects\StripesBook\objectdb-2.6.2\db\stripesbook.odb' is closed by 7056@RUSS-WIN8

[2015-11-04 20:14:52 #40 server] 
Server on port 6136 has stopped by 7056@RUSS-WIN8

[2015-11-04 20:14:55 #41 server] 
Server on port 6136 has started by 7056@RUSS-WIN8

[2015-11-04 20:15:01 #42 server] 
Server on port 6136 has stopped by 7056@RUSS-WIN8

[2015-11-04 20:15:01 #43 server] 
Server on port 6136 has started by 7056@RUSS-WIN8

[2015-11-04 20:15:31 #44 store] 
Database 'C:\Users\Russ\Documents\NetBeansProjects\StripesBook\objectdb-2.6.2\db\stripesbook.odb' is opened by 7056@RUSS-WIN8

[2015-11-05 12:52:00 #45 store] 
Database 'C:\Users\Russ\Documents\NetBeansProjects\StripesBook\objectdb-2.6.2\db\stripesbook.odb' is closed by 7056@RUSS-WIN8

[2015-11-05 12:56:41 #46 store] 
Database 'C:\Users\Russ\Documents\NetBeansProjects\StripesBook\objectdb-2.6.2\db\documentify.odb' is opened by 7056@RUSS-WIN8

[2015-11-05 12:58:14 #47 store] 
Database 'C:\Users\Russ\Documents\NetBeansProjects\StripesBook\objectdb-2.6.2\db\documentify.odb' is closed by 7056@RUSS-WIN8

[2015-11-05 12:59:48 #48 store] 
Database 'C:\Users\Russ\Documents\NetBeansProjects\StripesBook\objectdb-2.6.2\db\documentify.odb' is opened by 7056@RUSS-WIN8

[2015-11-05 14:55:23 #49 store] 
Database 'C:\Users\Russ\Documents\NetBeansProjects\StripesBook\objectdb-2.6.2\db\documentify.odb' is closed by 7056@RUSS-WIN8

[2015-11-05 14:57:21 #50 store] 
Database 'C:\Users\Russ\Documents\NetBeansProjects\StripesBook\objectdb-2.6.2\db\documentify.odb' is opened by 7056@RUSS-WIN8

[2015-11-05 14:57:37 #51 store] 
Database 'C:\Users\Russ\Documents\NetBeansProjects\StripesBook\objectdb-2.6.2\db\documentify.odb' is closed by 7056@RUSS-WIN8

[2015-11-05 14:57:44 #52 store] 
Database 'C:\Users\Russ\Documents\NetBeansProjects\StripesBook\objectdb-2.6.2\db\documentify.odb' is opened by 7056@RUSS-WIN8

[2015-11-05 15:02:02 #53 store] 
Database 'C:\Users\Russ\Documents\NetBeansProjects\StripesBook\objectdb-2.6.2\db\documentify.odb' is closed by 7056@RUSS-WIN8

[2015-11-05 15:02:37 #54 store] 
Database 'C:\Users\Russ\Documents\NetBeansProjects\StripesBook\objectdb-2.6.2\db\documentify.odb' is opened by 7056@RUSS-WIN8

[2015-11-05 15:03:09 #55 store] 
Database 'C:\Users\Russ\Documents\NetBeansProjects\StripesBook\objectdb-2.6.2\db\documentify.odb' is closed by 7056@RUSS-WIN8

[2015-11-05 16:26:49 #56 store] 
Database 'C:\Users\Russ\Documents\NetBeansProjects\StripesBook\objectdb-2.6.2\db\documentify.odb' is opened by 7056@RUSS-WIN8

[2015-11-05 20:19:23 #57 store] 
Database 'C:\Users\Russ\Documents\NetBeansProjects\StripesBook\objectdb-2.6.2\db\documentify.odb' is closed by 7056@RUSS-WIN8

